  FichaAmarilla.cpp
C:\Users\jonat\source\repos\ParchisClient\Dependencies\include\SFML\System\Exception.hpp(41,47): warning C4275: se ha utilizado una interfaz no de DLL class 'std::runtime_error' como base para la interfaz DLL class 'sf::Exception'
  (compilando archivo de origen "FichaAmarilla.cpp")
      C:\Program Files\Microsoft Visual Studio\2022\Community\VC\Tools\MSVC\14.44.35207\include\stdexcept(100,30):
      vea la declaración de 'std::runtime_error'
      C:\Users\jonat\source\repos\ParchisClient\Dependencies\include\SFML\System\Exception.hpp(41,23):
      vea la declaración de 'sf::Exception'
  
  FichaAzul.cpp
C:\Users\jonat\source\repos\ParchisClient\Dependencies\include\SFML\System\Exception.hpp(41,47): warning C4275: se ha utilizado una interfaz no de DLL class 'std::runtime_error' como base para la interfaz DLL class 'sf::Exception'
  (compilando archivo de origen "FichaAzul.cpp")
      C:\Program Files\Microsoft Visual Studio\2022\Community\VC\Tools\MSVC\14.44.35207\include\stdexcept(100,30):
      vea la declaración de 'std::runtime_error'
      C:\Users\jonat\source\repos\ParchisClient\Dependencies\include\SFML\System\Exception.hpp(41,23):
      vea la declaración de 'sf::Exception'
  
  FichaRoja.cpp
C:\Users\jonat\source\repos\ParchisClient\Dependencies\include\SFML\System\Exception.hpp(41,47): warning C4275: se ha utilizado una interfaz no de DLL class 'std::runtime_error' como base para la interfaz DLL class 'sf::Exception'
  (compilando archivo de origen "FichaRoja.cpp")
      C:\Program Files\Microsoft Visual Studio\2022\Community\VC\Tools\MSVC\14.44.35207\include\stdexcept(100,30):
      vea la declaración de 'std::runtime_error'
      C:\Users\jonat\source\repos\ParchisClient\Dependencies\include\SFML\System\Exception.hpp(41,23):
      vea la declaración de 'sf::Exception'
  
  FichaVerde.cpp
C:\Users\jonat\source\repos\ParchisClient\Dependencies\include\SFML\System\Exception.hpp(41,47): warning C4275: se ha utilizado una interfaz no de DLL class 'std::runtime_error' como base para la interfaz DLL class 'sf::Exception'
  (compilando archivo de origen "FichaVerde.cpp")
      C:\Program Files\Microsoft Visual Studio\2022\Community\VC\Tools\MSVC\14.44.35207\include\stdexcept(100,30):
      vea la declaración de 'std::runtime_error'
      C:\Users\jonat\source\repos\ParchisClient\Dependencies\include\SFML\System\Exception.hpp(41,23):
      vea la declaración de 'sf::Exception'
  
  Main.cpp
C:\Users\jonat\source\repos\ParchisClient\Dependencies\include\SFML\System\Exception.hpp(41,47): warning C4275: se ha utilizado una interfaz no de DLL class 'std::runtime_error' como base para la interfaz DLL class 'sf::Exception'
  (compilando archivo de origen "Main.cpp")
      C:\Program Files\Microsoft Visual Studio\2022\Community\VC\Tools\MSVC\14.44.35207\include\stdexcept(100,30):
      vea la declaración de 'std::runtime_error'
      C:\Users\jonat\source\repos\ParchisClient\Dependencies\include\SFML\System\Exception.hpp(41,23):
      vea la declaración de 'sf::Exception'
  
  PantallaJuego.cpp
C:\Users\jonat\source\repos\ParchisClient\Dependencies\include\SFML\System\Exception.hpp(41,47): warning C4275: se ha utilizado una interfaz no de DLL class 'std::runtime_error' como base para la interfaz DLL class 'sf::Exception'
  (compilando archivo de origen "PantallaJuego.cpp")
      C:\Program Files\Microsoft Visual Studio\2022\Community\VC\Tools\MSVC\14.44.35207\include\stdexcept(100,30):
      vea la declaración de 'std::runtime_error'
      C:\Users\jonat\source\repos\ParchisClient\Dependencies\include\SFML\System\Exception.hpp(41,23):
      vea la declaración de 'sf::Exception'
  
C:\Users\jonat\source\repos\ParchisClient\Parchis\PantallaJuego.cpp(144,11): warning C4267: 'return': conversión de 'size_t' a 'int'; posible pérdida de datos
C:\Users\jonat\source\repos\ParchisClient\Parchis\PantallaJuego.cpp(152,13): warning C4267: 'return': conversión de 'size_t' a 'int'; posible pérdida de datos
C:\Users\jonat\source\repos\ParchisClient\Parchis\PantallaJuego.cpp(160,34): warning C4267: 'return': conversión de 'size_t' a 'int'; posible pérdida de datos
C:\Users\jonat\source\repos\ParchisClient\Parchis\PantallaJuego.cpp(168,56): warning C4267: 'return': conversión de 'size_t' a 'int'; posible pérdida de datos
C:\Users\jonat\source\repos\ParchisClient\Parchis\PantallaJuego.cpp(181,25): warning C4267: '=': conversión de 'size_t' a 'int'; posible pérdida de datos
C:\Users\jonat\source\repos\ParchisClient\Parchis\PantallaJuego.cpp(192,27): warning C4267: '=': conversión de 'size_t' a 'int'; posible pérdida de datos
C:\Users\jonat\source\repos\ParchisClient\Parchis\PantallaJuego.cpp(202,27): warning C4267: '=': conversión de 'size_t' a 'int'; posible pérdida de datos
C:\Users\jonat\source\repos\ParchisClient\Parchis\PantallaJuego.cpp(212,27): warning C4267: '=': conversión de 'size_t' a 'int'; posible pérdida de datos
  Generando código
  205 of 1092 functions (18.8%) were compiled, the rest were copied from previous compilation.
    24 functions were new in current compilation
    43 functions had inline decision re-evaluated but remain unchanged
  Generación de código finalizada
  Parchis.vcxproj -> C:\Users\jonat\source\repos\ParchisClient\x64\Release\Parchis.exe
